<?xml version="1.0" encoding="UTF-8"?>
<!-- Generated by org.testng.reporters.JUnitReportReporter -->
<testsuite hostname="EC2AMAZ-S11DBRH" failures="0" tests="1" name="testscrip.PlaceOrderTest" time="0.841" errors="0" timestamp="2024-05-03T05:16:25 GMT" skipped="0">
  <testcase classname="testscrip.PlaceOrderTest" name="Login" time="0.841"/>
  <system-out/>
</testsuite> <!-- testscrip.PlaceOrderTest -->
